0 info it worked if it ends with ok
1 verbose cli [ '/usr/bin/node', '/usr/bin/npm', 'publish' ]
2 info using npm@1.4.24
3 info using node@v0.10.31
4 verbose publish [ '.' ]
5 verbose cache add [ '.', null ]
6 verbose cache add name=undefined spec="." args=[".",null]
7 verbose parsed url { protocol: null,
7 verbose parsed url   slashes: null,
7 verbose parsed url   auth: null,
7 verbose parsed url   host: null,
7 verbose parsed url   port: null,
7 verbose parsed url   hostname: null,
7 verbose parsed url   hash: null,
7 verbose parsed url   search: null,
7 verbose parsed url   query: null,
7 verbose parsed url   pathname: '.',
7 verbose parsed url   path: '.',
7 verbose parsed url   href: '.' }
8 silly lockFile 3a52ce78- .
9 verbose lock . /home/pi/.npm/3a52ce78-.lock
10 verbose tar pack [ '/home/pi/.npm/PiSwitch/1.0.0/package.tgz', '.' ]
11 verbose tarball /home/pi/.npm/PiSwitch/1.0.0/package.tgz
12 verbose folder .
13 info prepublish PiSwitch@1.0.0
14 silly lockFile 1f1177db-tar tar://.
15 verbose lock tar://. /home/pi/.npm/1f1177db-tar.lock
16 silly lockFile 84d3642f-i-npm-PiSwitch-1-0-0-package-tgz tar:///home/pi/.npm/PiSwitch/1.0.0/package.tgz
17 verbose lock tar:///home/pi/.npm/PiSwitch/1.0.0/package.tgz /home/pi/.npm/84d3642f-i-npm-PiSwitch-1-0-0-package-tgz.lock
18 silly lockFile 1f1177db-tar tar://.
19 silly lockFile 1f1177db-tar tar://.
20 silly lockFile 84d3642f-i-npm-PiSwitch-1-0-0-package-tgz tar:///home/pi/.npm/PiSwitch/1.0.0/package.tgz
21 silly lockFile 84d3642f-i-npm-PiSwitch-1-0-0-package-tgz tar:///home/pi/.npm/PiSwitch/1.0.0/package.tgz
22 silly lockFile 932b88bf-me-pi-npm-PiSwitch-1-0-0-package /home/pi/.npm/PiSwitch/1.0.0/package
23 verbose lock /home/pi/.npm/PiSwitch/1.0.0/package /home/pi/.npm/932b88bf-me-pi-npm-PiSwitch-1-0-0-package.lock
24 silly lockFile 932b88bf-me-pi-npm-PiSwitch-1-0-0-package /home/pi/.npm/PiSwitch/1.0.0/package
25 silly lockFile 932b88bf-me-pi-npm-PiSwitch-1-0-0-package /home/pi/.npm/PiSwitch/1.0.0/package
26 silly lockFile 3a52ce78- .
27 silly lockFile 3a52ce78- .
28 silly publish { name: 'PiSwitch',
28 silly publish   version: '1.0.0',
28 silly publish   description: 'Use your Raspberry Pi to control 433 MHz RC power sockets. Inspired by RC-Switch for Arduino.',
28 silly publish   main: 'piswitch.js',
28 silly publish   dependencies: { 'wiring-pi': '^1.1.1' },
28 silly publish   devDependencies: {},
28 silly publish   scripts: { test: 'echo "Error: no test specified" && exit 1' },
28 silly publish   keywords:
28 silly publish    [ 'raspberrypi',
28 silly publish      'raspberry',
28 silly publish      'pi',
28 silly publish      'gpio',
28 silly publish      'rc',
28 silly publish      'rcswitch',
28 silly publish      'rc-switch',
28 silly publish      'outlet' ],
28 silly publish   author: { name: 'tjanson' },
28 silly publish   license: 'LGPL-3.0+',
28 silly publish   readme: 'ERROR: No README data found!',
28 silly publish   _id: 'PiSwitch@1.0.0',
28 silly publish   _shasum: '9b5908d63666dd7eb4aef209a1061522276bf3ca',
28 silly publish   _from: '.' }
29 error need auth auth and email required for publishing
29 error need auth You need to authorize this machine using `npm adduser`
30 error System Linux 3.12.26-1-ARCH
31 error command "/usr/bin/node" "/usr/bin/npm" "publish"
32 error cwd /opt/piswitch
33 error node -v v0.10.31
34 error npm -v 1.4.24
35 error code ENEEDAUTH
36 verbose exit [ 1, true ]
